<?xml version="1.0" encoding="UTF-8"?>
<!-- Generated by org.testng.reporters.JUnitXMLReporter -->
<testsuite hostname="ITEM-S66926" ignored="11" name="Tests for web" tests="3" failures="0" timestamp="04 okt 2019 11:39:30 GMT" time="43.557" errors="0">
  <testcase name="loadWebPageTest" time="2.395" classname="imdb.ImdbTest"/>
  <testcase name="movieSearchTest" time="8.215" classname="imdb.ImdbTest"/>
  <testcase name="signInTest" time="10.142" classname="imdb.ImdbTest"/>
  <testcase name="performLoginTest" time="0.0" classname="imdb.ImdbAppTest">
    <ignored/>
  </testcase> <!-- performLoginTest -->
  <testcase name="@BeforeSuite beforeSuite" time="0.0" classname="se.soprasteria.automatedtesting.webdriver.api.base.BaseTestCase">
    <ignored/>
  </testcase> <!-- @BeforeSuite beforeSuite -->
  <testcase name="@BeforeSuite beforeSuite" time="0.0" classname="se.soprasteria.automatedtesting.webdriver.api.base.BaseTestCase">
    <ignored/>
  </testcase> <!-- @BeforeSuite beforeSuite -->
  <testcase name="@BeforeSuite beforeSuite" time="0.0" classname="se.soprasteria.automatedtesting.webdriver.api.base.BaseTestCase">
    <ignored/>
  </testcase> <!-- @BeforeSuite beforeSuite -->
  <testcase name="@BeforeTest initSuite" time="0.0" classname="se.soprasteria.automatedtesting.webdriver.api.base.BaseTestCase">
    <ignored/>
  </testcase> <!-- @BeforeTest initSuite -->
  <testcase name="@BeforeTest initSuite" time="0.0" classname="se.soprasteria.automatedtesting.webdriver.api.base.BaseTestCase">
    <ignored/>
  </testcase> <!-- @BeforeTest initSuite -->
  <testcase name="@BeforeTest initSuite" time="0.0" classname="se.soprasteria.automatedtesting.webdriver.api.base.BaseTestCase">
    <ignored/>
  </testcase> <!-- @BeforeTest initSuite -->
  <testcase name="movieSearchTest" time="0.0" classname="imdb.ImdbAppTest">
    <ignored/>
  </testcase> <!-- movieSearchTest -->
  <testcase name="@AfterTest closeSuite" time="0.0" classname="se.soprasteria.automatedtesting.webdriver.api.base.BaseTestCase">
    <ignored/>
  </testcase> <!-- @AfterTest closeSuite -->
  <testcase name="@AfterTest closeSuite" time="0.0" classname="se.soprasteria.automatedtesting.webdriver.api.base.BaseTestCase">
    <ignored/>
  </testcase> <!-- @AfterTest closeSuite -->
  <testcase name="@AfterTest closeSuite" time="0.0" classname="se.soprasteria.automatedtesting.webdriver.api.base.BaseTestCase">
    <ignored/>
  </testcase> <!-- @AfterTest closeSuite -->
</testsuite> <!-- Tests for web -->
